
> npx@0.1.0 build
> next build

▲ Next.js 16.1.1 (Turbopack)
- Environments: .env.local
- Experiments (use with caution):
  · optimizePackageImports
  · serverActions
  · staleTimes

⚠ The "middleware" file convention is deprecated. Please use "proxy" instead. Learn more: https://nextjs.org/docs/messages/middleware-to-proxy
  Creating an optimized production build ...
✓ Compiled successfully in 4.5s
  Running TypeScript ...
  Collecting page data using 7 workers ...
  Generating static pages using 7 workers (0/22) ...
Get current user error: Error: Dynamic server usage: Route /account/edit couldn't be rendered statically because it used `cookies`. See more info here: https://nextjs.org/docs/messages/dynamic-server-error
    at w (.next/server/chunks/ssr/_5f049785._.js:1:14294)
    at n (.next/server/chunks/ssr/_5f049785._.js:4:11054)
    at cx (.next/server/chunks/ssr/_5f049785._.js:58:71)
    at Module.c (.next/server/chunks/ssr/_17fa2cfa._.js:1:9772)
    at Module.c (.next/server/chunks/ssr/[root-of-the-server]__6a5d95b7._.js:1:458)
    at g (.next/server/chunks/ssr/[root-of-the-server]__6a5d95b7._.js:1:1879) {
  description: "Route /account/edit couldn't be rendered statically because it used `cookies`. See more info here: https://nextjs.org/docs/messages/dynamic-server-error",
  digest: 'DYNAMIC_SERVER_USAGE'
}
Get current user error: Error: Dynamic server usage: Route /account couldn't be rendered statically because it used `cookies`. See more info here: https://nextjs.org/docs/messages/dynamic-server-error
    at w (.next/server/chunks/ssr/_5f049785._.js:1:14294)
    at n (.next/server/chunks/ssr/_5f049785._.js:4:11054)
    at cx (.next/server/chunks/ssr/_5f049785._.js:58:71)
    at Module.c (.next/server/chunks/ssr/_17fa2cfa._.js:1:9772)
    at Module.c (.next/server/chunks/ssr/[root-of-the-server]__6a5d95b7._.js:1:458)
    at q (.next/server/chunks/ssr/[root-of-the-server]__2a9c1009._.js:1:6791) {
  description: "Route /account couldn't be rendered statically because it used `cookies`. See more info here: https://nextjs.org/docs/messages/dynamic-server-error",
  digest: 'DYNAMIC_SERVER_USAGE'
}
  Generating static pages using 7 workers (5/22) 
  Generating static pages using 7 workers (10/22) 
  Generating static pages using 7 workers (16/22) 
✓ Generating static pages using 7 workers (22/22) in 311.2ms
  Finalizing page optimization ...

Route (app)
┌ ƒ /
├ ƒ /_not-found
├ ƒ /account
├ ƒ /account/edit
├ ƒ /admin
├ ƒ /admin/categories
├ ƒ /admin/categories/[id]
├ ƒ /admin/orders
├ ƒ /admin/products
├ ƒ /admin/products/[id]
├ ƒ /admin/settings
├ ƒ /api/profile/update-email
├ ƒ /api/profile/update-name
├ ƒ /auth/callback
├ ƒ /auth/reset-password
├ ƒ /cart
├ ƒ /category/[id]
├ ƒ /checkout
├ ƒ /complete-profile
├ ƒ /forgot-password
├ ƒ /login
├ ƒ /orders
├ ƒ /orders/[id]
├ ƒ /product/[id]
├ ƒ /register
└ ƒ /search


ƒ Proxy (Middleware)

ƒ  (Dynamic)  server-rendered on demand

